# JRE version: Java(TM) SE Runtime Environment (8.0_121-b13) (build 1.8.0_121-b13)
# Java VM: Java HotSpot(TM) Client VM (25.121-b13 mixed mode windows-x86 )
Heap:
 def new generation   total 4928K, used 3636K [0x03c00000, 0x04150000, 0x09150000)
  eden space 4416K,  75% used [0x03c00000, 0x03f45748, 0x04050000)
  from space 512K,  56% used [0x040d0000, 0x04117c08, 0x04150000)
  to   space 512K,   0% used [0x04050000, 0x04050000, 0x040d0000)
 tenured generation   total 10944K, used 10659K [0x09150000, 0x09c00000, 0x13c00000)
   the space 10944K,  97% used [0x09150000, 0x09bb8d88, 0x09bb8e00, 0x09c00000)
 Metaspace       used 8609K, capacity 8780K, committed 8832K, reserved 9600K
GC Heap History (10 events):
Event: 368.783 GC heap before
{Heap before GC invocations=126 (full 0):
 def new generation   total 4928K, used 4735K [0x03c00000, 0x04150000, 0x09150000)
  eden space 4416K, 100% used [0x03c00000, 0x04050000, 0x04050000)
  from space 512K,  62% used [0x04050000, 0x0409fd90, 0x040d0000)
  to   space 512K,   0% used [0x040d0000, 0x040d0000, 0x04150000)
 tenured generation   total 10944K, used 10656K [0x09150000, 0x09c00000, 0x13c00000)
   the space 10944K,  97% used [0x09150000, 0x09bb8280, 0x09bb8400, 0x09c00000)
 Metaspace       used 8609K, capacity 8780K, committed 8832K, reserved 9600K
Event: 368.785 GC heap after
Heap after GC invocations=127 (full 0):
 def new generation   total 4928K, used 277K [0x03c00000, 0x04150000, 0x09150000)
  eden space 4416K,   0% used [0x03c00000, 0x03c00000, 0x04050000)
  from space 512K,  54% used [0x040d0000, 0x04115728, 0x04150000)
  to   space 512K,   0% used [0x04050000, 0x04050000, 0x040d0000)
 tenured generation   total 10944K, used 10657K [0x09150000, 0x09c00000, 0x13c00000)
   the space 10944K,  97% used [0x09150000, 0x09bb8500, 0x09bb8600, 0x09c00000)
 Metaspace       used 8609K, capacity 8780K, committed 8832K, reserved 9600K
}
Event: 375.374 GC heap before
{Heap before GC invocations=127 (full 0):
 def new generation   total 4928K, used 4693K [0x03c00000, 0x04150000, 0x09150000)
  eden space 4416K, 100% used [0x03c00000, 0x04050000, 0x04050000)
  from space 512K,  54% used [0x040d0000, 0x04115728, 0x04150000)
  to   space 512K,   0% used [0x04050000, 0x04050000, 0x040d0000)
 tenured generation   total 10944K, used 10657K [0x09150000, 0x09c00000, 0x13c00000)
   the space 10944K,  97% used [0x09150000, 0x09bb8500, 0x09bb8600, 0x09c00000)
 Metaspace       used 8609K, capacity 8780K, committed 8832K, reserved 9600K
Event: 375.376 GC heap after
Heap after GC invocations=128 (full 0):
 def new generation   total 4928K, used 311K [0x03c00000, 0x04150000, 0x09150000)
  eden space 4416K,   0% used [0x03c00000, 0x03c00000, 0x04050000)
  from space 512K,  60% used [0x04050000, 0x0409df40, 0x040d0000)
  to   space 512K,   0% used [0x040d0000, 0x040d0000, 0x04150000)
 tenured generation   total 10944K, used 10658K [0x09150000, 0x09c00000, 0x13c00000)
   the space 10944K,  97% used [0x09150000, 0x09bb8850, 0x09bb8a00, 0x09c00000)
 Metaspace       used 8609K, capacity 8780K, committed 8832K, reserved 9600K
}
Event: 381.331 GC heap before
{Heap before GC invocations=128 (full 0):
 def new generation   total 4928K, used 4727K [0x03c00000, 0x04150000, 0x09150000)
  eden space 4416K, 100% used [0x03c00000, 0x04050000, 0x04050000)
  from space 512K,  60% used [0x04050000, 0x0409df40, 0x040d0000)
  to   space 512K,   0% used [0x040d0000, 0x040d0000, 0x04150000)
 tenured generation   total 10944K, used 10658K [0x09150000, 0x09c00000, 0x13c00000)
   the space 10944K,  97% used [0x09150000, 0x09bb8850, 0x09bb8a00, 0x09c00000)
 Metaspace       used 8609K, capacity 8780K, committed 8832K, reserved 9600K
Event: 381.333 GC heap after
Heap after GC invocations=129 (full 0):
 def new generation   total 4928K, used 284K [0x03c00000, 0x04150000, 0x09150000)
  eden space 4416K,   0% used [0x03c00000, 0x03c00000, 0x04050000)
  from space 512K,  55% used [0x040d0000, 0x041173c0, 0x04150000)
  to   space 512K,   0% used [0x04050000, 0x04050000, 0x040d0000)
 tenured generation   total 10944K, used 10658K [0x09150000, 0x09c00000, 0x13c00000)
   the space 10944K,  97% used [0x09150000, 0x09bb8b40, 0x09bb8c00, 0x09c00000)
 Metaspace       used 8609K, capacity 8780K, committed 8832K, reserved 9600K
}
Event: 387.779 GC heap before
{Heap before GC invocations=129 (full 0):
 def new generation   total 4928K, used 4700K [0x03c00000, 0x04150000, 0x09150000)
  eden space 4416K, 100% used [0x03c00000, 0x04050000, 0x04050000)
  from space 512K,  55% used [0x040d0000, 0x041173c0, 0x04150000)
  to   space 512K,   0% used [0x04050000, 0x04050000, 0x040d0000)
 tenured generation   total 10944K, used 10658K [0x09150000, 0x09c00000, 0x13c00000)
   the space 10944K,  97% used [0x09150000, 0x09bb8b40, 0x09bb8c00, 0x09c00000)
 Metaspace       used 8609K, capacity 8780K, committed 8832K, reserved 9600K
Event: 387.781 GC heap after
Heap after GC invocations=130 (full 0):
 def new generation   total 4928K, used 304K [0x03c00000, 0x04150000, 0x09150000)
  eden space 4416K,   0% used [0x03c00000, 0x03c00000, 0x04050000)
  from space 512K,  59% used [0x04050000, 0x0409c220, 0x040d0000)
  to   space 512K,   0% used [0x040d0000, 0x040d0000, 0x04150000)
 tenured generation   total 10944K, used 10659K [0x09150000, 0x09c00000, 0x13c00000)
   the space 10944K,  97% used [0x09150000, 0x09bb8d18, 0x09bb8e00, 0x09c00000)
 Metaspace       used 8609K, capacity 8780K, committed 8832K, reserved 9600K
}
Event: 393.829 GC heap before
{Heap before GC invocations=130 (full 0):
 def new generation   total 4928K, used 4720K [0x03c00000, 0x04150000, 0x09150000)
  eden space 4416K, 100% used [0x03c00000, 0x04050000, 0x04050000)
  from space 512K,  59% used [0x04050000, 0x0409c220, 0x040d0000)
  to   space 512K,   0% used [0x040d0000, 0x040d0000, 0x04150000)
 tenured generation   total 10944K, used 10659K [0x09150000, 0x09c00000, 0x13c00000)
   the space 10944K,  97% used [0x09150000, 0x09bb8d18, 0x09bb8e00, 0x09c00000)
 Metaspace       used 8609K, capacity 8780K, committed 8832K, reserved 9600K
Event: 393.831 GC heap after
Heap after GC invocations=131 (full 0):
 def new generation   total 4928K, used 287K [0x03c00000, 0x04150000, 0x09150000)
  eden space 4416K,   0% used [0x03c00000, 0x03c00000, 0x04050000)
  from space 512K,  56% used [0x040d0000, 0x04117c08, 0x04150000)
  to   space 512K,   0% used [0x04050000, 0x04050000, 0x040d0000)
 tenured generation   total 10944K, used 10659K [0x09150000, 0x09c00000, 0x13c00000)
   the space 10944K,  97% used [0x09150000, 0x09bb8d88, 0x09bb8e00, 0x09c00000)
 Metaspace       used 8609K, capacity 8780K, committed 8832K, reserved 9600K
}

